<?xml version="1.0" encoding="UTF-8"?>
<testsuite xmlns:xsi="http://www.w3.org/2001/XMLSchema-instance" xsi:schemaLocation="https://maven.apache.org/surefire/maven-surefire-plugin/xsd/surefire-test-report.xsd" name="TestSuite" time="2.135" tests="4" errors="0" skipped="0" failures="2">
  <properties>
[...]
</properties>
  <testcase name="example1" classname="com.mycompany.app.AppTest" time="0.206">
    <failure message="This test should be failed expected [3] but found [2]" type="java.lang.AssertionError">java.lang.AssertionError: This test should be failed expected [3] but found [2]
	at com.mycompany.app.AppTest.example1(AppTest.java:10)
</failure>
    <system-out><![CDATA[...
... TestNG 6.14.3 by Cédric Beust (cedric@beust.com)
...

]]></system-out>
    <system-err><![CDATA[SLF4J: Failed to load class "org.slf4j.impl.StaticLoggerBinder".
SLF4J: Defaulting to no-operation (NOP) logger implementation
SLF4J: See http://www.slf4j.org/codes.html#StaticLoggerBinder for further details.
]]></system-err>
  </testcase>
  <testcase name="example2" classname="com.mycompany.app.AppTest" time="0.001"/>
  <testcase name="example3" classname="com.mycompany.app.AppTest" time="0.001"/>
  <testcase name="example4" classname="com.mycompany.app.AppTest" time="0.001">
    <failure message="This test should be failed" type="java.lang.AssertionError">java.lang.AssertionError: This test should be failed
	at com.mycompany.app.AppTest.example4(AppTest.java:25)
</failure>
  </testcase>
</testsuite>